<?xml version="1.0" encoding="UTF-8"?>
<!-- Generated by org.testng.reporters.JUnitReportReporter -->
<testsuite skipped="0" hostname="SARAGARW-LAP" name="com.basicsOfSelenium.AutoSuggestExample" tests="1" failures="0" timestamp="02 Feb 2018 05:21:43 GMT" time="14.643" errors="0">
  <testcase name="testcase1" time="14.643" classname="com.basicsOfSelenium.AutoSuggestExample"/>
</testsuite> <!-- com.basicsOfSelenium.AutoSuggestExample -->
