<?xml version="1.0" encoding="UTF-8"?>
<!-- Generated by org.testng.reporters.JUnitReportReporter -->
<testsuite skipped="0" hostname="SARAGARW-LAP" name="testCasesforActiTime.test1" tests="1" failures="0" timestamp="31 Jan 2018 07:33:35 GMT" time="8.542" errors="0">
  <testcase name="testcase1" time="8.542" classname="testCasesforActiTime.test1"/>
</testsuite> <!-- testCasesforActiTime.test1 -->
