<?xml version="1.0" encoding="UTF-8"?>
<!-- Generated by org.testng.reporters.JUnitReportReporter -->
<testsuite skipped="0" hostname="SARAGARW-LAP" name="com.basicsOfSelenium.RetreiveAllLinks" tests="1" failures="0" timestamp="01 Feb 2018 11:45:57 GMT" time="72.280" errors="0">
  <testcase name="testcase1" time="72.280" classname="com.basicsOfSelenium.RetreiveAllLinks"/>
</testsuite> <!-- com.basicsOfSelenium.RetreiveAllLinks -->
