<?xml version="1.0" encoding="UTF-8"?>
<!-- Generated by org.testng.reporters.JUnitReportReporter -->
<testsuite skipped="0" hostname="SARAGARW-LAP" name="com.basicsOfSelenium.WorkWithSelectObject" tests="1" failures="0" timestamp="02 Feb 2018 04:29:51 GMT" time="11.033" errors="0">
  <testcase name="testcase1" time="11.033" classname="com.basicsOfSelenium.WorkWithSelectObject"/>
</testsuite> <!-- com.basicsOfSelenium.WorkWithSelectObject -->
