<?xml version="1.0" encoding="UTF-8"?>
<!-- Generated by org.testng.reporters.JUnitReportReporter -->
<testsuite skipped="0" hostname="SARAGARW-LAP" name="com.basicsOfSelenium.WorkWithWebtable" tests="1" failures="0" timestamp="02 Feb 2018 04:47:03 GMT" time="44.711" errors="0">
  <testcase name="testcase1" time="44.711" classname="com.basicsOfSelenium.WorkWithWebtable"/>
</testsuite> <!-- com.basicsOfSelenium.WorkWithWebtable -->
