<?xml version="1.0" encoding="UTF-8"?>
<!-- Generated by org.testng.reporters.JUnitReportReporter -->
<testsuite skipped="0" hostname="SARAGARW-LAP" name="com.basicsOfSelenium.WorkWithTabsAndPopups" tests="1" failures="0" timestamp="02 Feb 2018 07:19:03 GMT" time="13.356" errors="0">
  <testcase name="testcase1" time="13.356" classname="com.basicsOfSelenium.WorkWithTabsAndPopups"/>
</testsuite> <!-- com.basicsOfSelenium.WorkWithTabsAndPopups -->
