<?xml version="1.0" encoding="UTF-8"?>
<!-- Generated by org.testng.reporters.JUnitReportReporter -->
<testsuite skipped="0" hostname="SARAGARW-LAP" name="com.basicsOfSelenium.OneMoreFrame" tests="1" failures="0" timestamp="31 Jan 2018 10:35:53 GMT" time="14.085" errors="0">
  <testcase name="testcase1" time="14.085" classname="com.basicsOfSelenium.OneMoreFrame"/>
</testsuite> <!-- com.basicsOfSelenium.OneMoreFrame -->
