<?xml version="1.0" encoding="UTF-8"?>
<!-- Generated by org.testng.reporters.JUnitReportReporter -->
<testsuite skipped="0" hostname="SARAGARW-LAP" name="testCasesforActiTime.test2" tests="1" failures="0" timestamp="31 Jan 2018 07:33:35 GMT" time="12.786" errors="0">
  <testcase name="testcase2" time="12.786" classname="testCasesforActiTime.test2"/>
</testsuite> <!-- testCasesforActiTime.test2 -->
