<?xml version="1.0" encoding="UTF-8"?>
<!-- Generated by org.testng.reporters.JUnitReportReporter -->
<testsuite skipped="0" hostname="SARAGARW-LAP" name="testCasesforActiTime.test3" tests="1" failures="0" timestamp="31 Jan 2018 07:33:35 GMT" time="7.526" errors="0">
  <testcase name="testcase3" time="7.526" classname="testCasesforActiTime.test3"/>
</testsuite> <!-- testCasesforActiTime.test3 -->
