<?xml version="1.0" encoding="UTF-8"?>
<!-- Generated by org.testng.reporters.JUnitReportReporter -->
<testsuite skipped="0" hostname="SARAGARW-LAP" name="com.basicsOfSelenium.NavigateBackandForward" tests="1" failures="0" timestamp="01 Feb 2018 11:52:18 GMT" time="39.755" errors="0">
  <testcase name="testcase1" time="39.755" classname="com.basicsOfSelenium.NavigateBackandForward"/>
</testsuite> <!-- com.basicsOfSelenium.NavigateBackandForward -->
