<?xml version="1.0" encoding="UTF-8"?>
<!-- Generated by org.testng.reporters.JUnitReportReporter -->
<testsuite skipped="0" hostname="SARAGARW-LAP" name="com.basicsOfSelenium.UploadFileUsingSikuli" tests="1" failures="0" timestamp="01 Feb 2018 11:30:30 GMT" time="8.137" errors="1">
  <testcase name="testcase1" time="8.137" classname="com.basicsOfSelenium.UploadFileUsingSikuli">
    <error type="java.lang.ThreadDeath">
      <![CDATA[java.lang.ThreadDeathat java.lang.Thread.stop(Unknown Source)at org.sikuli.script.RunTime.abortScripting(RunTime.java:73)at org.sikuli.script.Region.wait(Region.java:2728)at org.sikuli.script.Region.find(Region.java:2336)at org.sikuli.script.Region.getLocationFromTarget(Region.java:3213)at org.sikuli.script.Region.click(Region.java:3698)at org.sikuli.script.Region.keyin(Region.java:4366)at org.sikuli.script.Region.type(Region.java:4328)at com.basicsOfSelenium.UploadFileUsingSikuli.testcase1(UploadFileUsingSikuli.java:50)at sun.reflect.NativeMethodAccessorImpl.invoke0(Native Method)at sun.reflect.NativeMethodAccessorImpl.invoke(Unknown Source)at sun.reflect.DelegatingMethodAccessorImpl.invoke(Unknown Source)at java.lang.reflect.Method.invoke(Unknown Source)at org.testng.internal.MethodInvocationHelper.invokeMethod(MethodInvocationHelper.java:124)at org.testng.internal.Invoker.invokeMethod(Invoker.java:571)at org.testng.internal.Invoker.invokeTestMethod(Invoker.java:707)at org.testng.internal.Invoker.invokeTestMethods(Invoker.java:979)at org.testng.internal.TestMethodWorker.invokeTestMethods(TestMethodWorker.java:125)at org.testng.internal.TestMethodWorker.run(TestMethodWorker.java:109)at org.testng.TestRunner.privateRun(TestRunner.java:648)at org.testng.TestRunner.run(TestRunner.java:505)at org.testng.SuiteRunner.runTest(SuiteRunner.java:455)at org.testng.SuiteRunner.runSequentially(SuiteRunner.java:450)at org.testng.SuiteRunner.privateRun(SuiteRunner.java:415)at org.testng.SuiteRunner.run(SuiteRunner.java:364)at org.testng.SuiteRunnerWorker.runSuite(SuiteRunnerWorker.java:52)at org.testng.SuiteRunnerWorker.run(SuiteRunnerWorker.java:84)at org.testng.TestNG.runSuitesSequentially(TestNG.java:1187)at org.testng.TestNG.runSuitesLocally(TestNG.java:1116)at org.testng.TestNG.runSuites(TestNG.java:1028)at org.testng.TestNG.run(TestNG.java:996)at org.testng.remote.AbstractRemoteTestNG.run(AbstractRemoteTestNG.java:114)at org.testng.remote.RemoteTestNG.initAndRun(RemoteTestNG.java:251)at org.testng.remote.RemoteTestNG.main(RemoteTestNG.java:77)]]>
    </error>
  </testcase> <!-- testcase1 -->
</testsuite> <!-- com.basicsOfSelenium.UploadFileUsingSikuli -->
