<?xml version="1.0" encoding="UTF-8"?>
<!-- Generated by org.testng.reporters.JUnitReportReporter -->
<testsuite skipped="0" hostname="SARAGARW-LAP" name="com.basicsOfSelenium.ToolTipvalidation" tests="1" failures="0" timestamp="02 Feb 2018 05:27:04 GMT" time="7.898" errors="0">
  <testcase name="testcase1" time="7.898" classname="com.basicsOfSelenium.ToolTipvalidation"/>
</testsuite> <!-- com.basicsOfSelenium.ToolTipvalidation -->
