<?xml version="1.0" encoding="UTF-8"?>
<!-- Generated by org.testng.reporters.JUnitReportReporter -->
<testsuite skipped="0" hostname="SARAGARW-LAP" name="com.basicsOfSelenium.TakeScreenshotExample" tests="1" failures="0" timestamp="01 Feb 2018 07:14:10 GMT" time="9.824" errors="0">
  <testcase name="testcase1" time="9.824" classname="com.basicsOfSelenium.TakeScreenshotExample"/>
</testsuite> <!-- com.basicsOfSelenium.TakeScreenshotExample -->
