<?xml version="1.0" encoding="UTF-8"?>
<!-- Generated by org.testng.reporters.JUnitReportReporter -->
<testsuite skipped="0" hostname="SARAGARW-LAP" name="com.basicsOfSelenium.MouseOverExample" tests="1" failures="0" timestamp="02 Feb 2018 10:44:26 GMT" time="17.617" errors="0">
  <testcase name="testcase1" time="17.617" classname="com.basicsOfSelenium.MouseOverExample"/>
</testsuite> <!-- com.basicsOfSelenium.MouseOverExample -->
