<?xml version="1.0" encoding="UTF-8"?>
<!-- Generated by org.testng.reporters.JUnitReportReporter -->
<testsuite skipped="0" hostname="SARAGARW-LAP" name="com.basicsOfSelenium.WorkWithbrowsers" tests="1" failures="0" timestamp="30 Jan 2018 11:45:36 GMT" time="4.951" errors="0">
  <testcase name="workwithbrow" time="4.951" classname="com.basicsOfSelenium.WorkWithbrowsers"/>
</testsuite> <!-- com.basicsOfSelenium.WorkWithbrowsers -->
