<?xml version="1.0" encoding="UTF-8"?>
<!-- Generated by org.testng.reporters.JUnitReportReporter -->
<testsuite skipped="0" hostname="SARAGARW-LAP" name="com.basicsOfSelenium.testManualXpath" tests="1" failures="0" timestamp="31 Jan 2018 11:03:49 GMT" time="5.036" errors="0">
  <testcase name="testcase1" time="5.036" classname="com.basicsOfSelenium.testManualXpath"/>
</testsuite> <!-- com.basicsOfSelenium.testManualXpath -->
