<?xml version="1.0" encoding="UTF-8"?>
<!-- Generated by org.testng.reporters.JUnitReportReporter -->
<testsuite skipped="0" hostname="SARAGARW-LAP" name="com.Annotations.Annot" tests="3" failures="0" timestamp="30 Jan 2018 09:42:36 GMT" time="0.007" errors="0">
  <testcase name="testcase1" time="0.004" classname="com.Annotations.Annot"/>
  <testcase name="testcase2" time="0.002" classname="com.Annotations.Annot"/>
  <testcase name="testcase3" time="0.001" classname="com.Annotations.Annot"/>
</testsuite> <!-- com.Annotations.Annot -->
