<?xml version="1.0" encoding="UTF-8"?>
<!-- Generated by org.testng.reporters.JUnitReportReporter -->
<testsuite skipped="0" hostname="SARAGARW-LAP" name="com.Annotations.HardAssertionExample" tests="1" failures="0" timestamp="30 Jan 2018 09:42:36 GMT" time="0.001" errors="0">
  <testcase name="testcase" time="0.001" classname="com.Annotations.HardAssertionExample"/>
</testsuite> <!-- com.Annotations.HardAssertionExample -->
