<?xml version="1.0" encoding="UTF-8"?>
<!-- Generated by org.testng.reporters.JUnitReportReporter -->
<testsuite skipped="0" hostname="SARAGARW-LAP" name="com.Annotations.Param" tests="3" failures="0" timestamp="30 Jan 2018 09:42:36 GMT" time="0.009" errors="0">
  <testcase name="testcase1" time="0.001" classname="com.Annotations.Param"/>
  <testcase name="testcase1" time="0.007" classname="com.Annotations.Param"/>
  <testcase name="testcase1" time="0.001" classname="com.Annotations.Param"/>
</testsuite> <!-- com.Annotations.Param -->
