<?xml version="1.0" encoding="UTF-8"?>
<!-- Generated by org.testng.reporters.JUnitReportReporter -->
<testsuite skipped="0" hostname="SARAGARW-LAP" name="com.Annotations.WorkWithExcel" tests="1" failures="0" timestamp="30 Jan 2018 09:42:36 GMT" time="0.079" errors="0">
  <testcase name="workwithexcel" time="0.079" classname="com.Annotations.WorkWithExcel"/>
</testsuite> <!-- com.Annotations.WorkWithExcel -->
