<?xml version="1.0" encoding="UTF-8"?>
<!-- Generated by org.testng.reporters.JUnitReportReporter -->
<testsuite skipped="0" hostname="SARAGARW-LAP" name="com.Annotations.FetchDataFromDataPool" tests="16" failures="0" timestamp="30 Jan 2018 09:42:36 GMT" time="0.029" errors="0">
  <testcase name="testcase1" time="0.001" classname="com.Annotations.FetchDataFromDataPool"/>
  <testcase name="testcase1" time="0.001" classname="com.Annotations.FetchDataFromDataPool"/>
  <testcase name="testcase1" time="0.003" classname="com.Annotations.FetchDataFromDataPool"/>
  <testcase name="testcase1" time="0.005" classname="com.Annotations.FetchDataFromDataPool"/>
  <testcase name="testcase1" time="0.001" classname="com.Annotations.FetchDataFromDataPool"/>
  <testcase name="testcase1" time="0.001" classname="com.Annotations.FetchDataFromDataPool"/>
  <testcase name="testcase1" time="0.003" classname="com.Annotations.FetchDataFromDataPool"/>
  <testcase name="testcase1" time="0.001" classname="com.Annotations.FetchDataFromDataPool"/>
  <testcase name="testcase1" time="0.002" classname="com.Annotations.FetchDataFromDataPool"/>
  <testcase name="testcase1" time="0.002" classname="com.Annotations.FetchDataFromDataPool"/>
  <testcase name="testcase1" time="0.002" classname="com.Annotations.FetchDataFromDataPool"/>
  <testcase name="testcase1" time="0.001" classname="com.Annotations.FetchDataFromDataPool"/>
  <testcase name="testcase1" time="0.001" classname="com.Annotations.FetchDataFromDataPool"/>
  <testcase name="testcase1" time="0.001" classname="com.Annotations.FetchDataFromDataPool"/>
  <testcase name="testcase1" time="0.002" classname="com.Annotations.FetchDataFromDataPool"/>
  <testcase name="testcase1" time="0.002" classname="com.Annotations.FetchDataFromDataPool"/>
</testsuite> <!-- com.Annotations.FetchDataFromDataPool -->
