<?xml version="1.0" encoding="UTF-8"?>
<!-- Generated by org.testng.reporters.JUnitReportReporter -->
<testsuite skipped="1" hostname="SARAGARW-LAP" name="com.Annotations.Priority" tests="3" failures="0" timestamp="30 Jan 2018 10:04:53 GMT" time="0.017" errors="0">
  <testcase name="login" time="0.013" classname="com.Annotations.Priority"/>
  <testcase name="composeMail" time="0.003" classname="com.Annotations.Priority">
    <skipped/>
  </testcase> <!-- composeMail -->
  <testcase name="saveMail" time="0.001" classname="com.Annotations.Priority"/>
</testsuite> <!-- com.Annotations.Priority -->
