<?xml version="1.0" encoding="UTF-8"?>
<!-- Generated by org.testng.reporters.JUnitReportReporter -->
<testsuite skipped="0" hostname="SARAGARW-LAP" name="com.Annotations.OmeMoreAssertion" tests="1" failures="0" timestamp="30 Jan 2018 06:40:07 GMT" time="0.021" errors="0">
  <testcase name="testcase" time="0.021" classname="com.Annotations.OmeMoreAssertion"/>
</testsuite> <!-- com.Annotations.OmeMoreAssertion -->
