<?xml version="1.0" encoding="UTF-8"?>
<!-- Generated by org.testng.reporters.JUnitReportReporter -->
<testsuite skipped="0" hostname="SARAGARW-LAP" name="com.Annotations.ParamWithExcel" tests="16" failures="0" timestamp="30 Jan 2018 09:42:36 GMT" time="0.049" errors="0">
  <testcase name="testcase" time="0.009" classname="com.Annotations.ParamWithExcel"/>
  <testcase name="testcase" time="0.004" classname="com.Annotations.ParamWithExcel"/>
  <testcase name="testcase" time="0.001" classname="com.Annotations.ParamWithExcel"/>
  <testcase name="testcase" time="0.001" classname="com.Annotations.ParamWithExcel"/>
  <testcase name="testcase" time="0.001" classname="com.Annotations.ParamWithExcel"/>
  <testcase name="testcase" time="0.008" classname="com.Annotations.ParamWithExcel"/>
  <testcase name="testcase" time="0.001" classname="com.Annotations.ParamWithExcel"/>
  <testcase name="testcase" time="0.006" classname="com.Annotations.ParamWithExcel"/>
  <testcase name="testcase" time="0.002" classname="com.Annotations.ParamWithExcel"/>
  <testcase name="testcase" time="0.001" classname="com.Annotations.ParamWithExcel"/>
  <testcase name="testcase" time="0.004" classname="com.Annotations.ParamWithExcel"/>
  <testcase name="testcase" time="0.004" classname="com.Annotations.ParamWithExcel"/>
  <testcase name="testcase" time="0.002" classname="com.Annotations.ParamWithExcel"/>
  <testcase name="testcase" time="0.001" classname="com.Annotations.ParamWithExcel"/>
  <testcase name="testcase" time="0.001" classname="com.Annotations.ParamWithExcel"/>
  <testcase name="testcase" time="0.003" classname="com.Annotations.ParamWithExcel"/>
</testsuite> <!-- com.Annotations.ParamWithExcel -->
