<?xml version="1.0" encoding="UTF-8"?>
<!-- Generated by org.testng.reporters.JUnitReportReporter -->
<testsuite hostname="SARAGARW-LAP" name="com.TestCases.Test3" tests="1" failures="0" timestamp="1 Feb 2018 10:02:17 GMT" time="2.664" errors="0">
  <testcase name="testcase3" time="2.664" classname="com.TestCases.Test3"/>
</testsuite> <!-- com.TestCases.Test3 -->
