<?xml version="1.0" encoding="UTF-8"?>
<!-- Generated by org.testng.reporters.JUnitReportReporter -->
<testsuite skipped="3" hostname="SARAGARW-LAP" name="com.TestCases.Test456" tests="3" failures="0" timestamp="02 Feb 2018 09:41:31 GMT" time="0.000" errors="0">
  <testcase name="testcase123" time="0.000" classname="com.TestCases.Test456">
    <skipped/>
  </testcase> <!-- testcase123 -->
  <testcase name="testcase123" time="0.000" classname="com.TestCases.Test456">
    <skipped/>
  </testcase> <!-- testcase123 -->
  <testcase name="testcase123" time="0.000" classname="com.TestCases.Test456">
    <skipped/>
  </testcase> <!-- testcase123 -->
</testsuite> <!-- com.TestCases.Test456 -->
