<?xml version="1.0" encoding="UTF-8"?>
<!-- Generated by org.testng.reporters.JUnitReportReporter -->
<testsuite skipped="0" hostname="SARAGARW-LAP" name="com.TestCases.Test123" tests="3" failures="0" timestamp="02 Feb 2018 09:41:31 GMT" time="8.709" errors="0">
  <testcase name="testcase123" time="3.363" classname="com.TestCases.Test123"/>
  <testcase name="testcase123" time="2.703" classname="com.TestCases.Test123"/>
  <testcase name="testcase123" time="2.643" classname="com.TestCases.Test123"/>
</testsuite> <!-- com.TestCases.Test123 -->
